<?xml version="1.0" encoding="UTF-8"?>
<testng-results ignored="0" total="1" passed="1" failed="0" skipped="0">
  <reporter-output>
  </reporter-output>
  <suite started-at="2022-03-19T15:35:12Z" name="Default suite" finished-at="2022-03-19T15:35:12Z" duration-ms="131">
    <groups>
    </groups>
    <test started-at="2022-03-19T15:35:12Z" name="Default test" finished-at="2022-03-19T15:35:12Z" duration-ms="131">
      <class name="org.testngsample.TestngSample">
        <test-method signature="test1()[pri:0, instance:org.testngsample.TestngSample@5965be2d]" started-at="2022-03-19T15:35:12Z" name="test1" finished-at="2022-03-19T15:35:12Z" duration-ms="43" status="PASS">
          <reporter-output>
          </reporter-output>
        </test-method> <!-- test1 -->
      </class> <!-- org.testngsample.TestngSample -->
    </test> <!-- Default test -->
  </suite> <!-- Default suite -->
</testng-results>
